2025-05-14 13:38:05,737 DEBUG    root            Loaded Command Group: ['gcloud', 'components']
2025-05-14 13:38:05,739 DEBUG    root            Loaded Command Group: ['gcloud', 'components', 'update']
2025-05-14 13:38:05,741 DEBUG    root            Running [gcloud.components.update] with arguments: [--quiet: "True", COMPONENT-IDS:8: "['gcloud', 'core', 'bq', 'gsutil', 'compute', 'preview', 'alpha', 'beta']"]
2025-05-14 13:38:05,742 INFO     ___FILE_ONLY___ Beginning update. This process may take several minutes.

2025-05-14 13:38:05,751 DEBUG    urllib3.connectionpool Starting new HTTPS connection (1): dl.google.com:443
2025-05-14 13:38:05,874 DEBUG    urllib3.connectionpool https://dl.google.com:443 "GET /dl/cloudsdk/channels/rapid/components-2.json HTTP/11" 200 233994
2025-05-14 13:38:05,888 WARNING  root            Component [compute] no longer exists.
2025-05-14 13:38:05,889 INFO     ___FILE_ONLY___ 

2025-05-14 13:38:05,889 INFO     ___FILE_ONLY___ 
Your current Google Cloud CLI version is: 522.0.0

2025-05-14 13:38:05,890 INFO     ___FILE_ONLY___ Installing components from version: 522.0.0

2025-05-14 13:38:05,890 INFO     ___FILE_ONLY___ 

2025-05-14 13:38:05,890 DEBUG    root            Chosen display Format:table[box,title="These components will be removed."](details.display_name:label=Name:align=left,version.version_string:label=Version:align=right,data.size.size(zero="",min=1048576):label=Size:align=right)
2025-05-14 13:38:05,890 DEBUG    root            Chosen display Format:table[box,title="These components will be updated."](details.display_name:label=Name:align=left,version.version_string:label=Version:align=right,data.size.size(zero="",min=1048576):label=Size:align=right)
2025-05-14 13:38:05,891 DEBUG    root            Chosen display Format:table[box,title="These components will be installed."](details.display_name:label=Name:align=left,version.version_string:label=Version:align=right,data.size.size(zero="",min=1048576):label=Size:align=right)
2025-05-14 13:38:05,905 INFO     ___FILE_ONLY___ ┌────────────────────────────────────────────────┐
2025-05-14 13:38:05,905 INFO     ___FILE_ONLY___ 

2025-05-14 13:38:05,905 INFO     ___FILE_ONLY___ │      These components will be installed.       │
2025-05-14 13:38:05,905 INFO     ___FILE_ONLY___ 

2025-05-14 13:38:05,905 INFO     ___FILE_ONLY___ ├─────────────────────────┬────────────┬─────────┤
2025-05-14 13:38:05,905 INFO     ___FILE_ONLY___ 

2025-05-14 13:38:05,905 INFO     ___FILE_ONLY___ │           Name          │  Version   │   Size  │
2025-05-14 13:38:05,906 INFO     ___FILE_ONLY___ 

2025-05-14 13:38:05,906 INFO     ___FILE_ONLY___ ├─────────────────────────┼────────────┼─────────┤
2025-05-14 13:38:05,906 INFO     ___FILE_ONLY___ 

2025-05-14 13:38:05,906 INFO     ___FILE_ONLY___ │ 
2025-05-14 13:38:05,906 INFO     ___FILE_ONLY___ gcloud Alpha Commands  
2025-05-14 13:38:05,906 INFO     ___FILE_ONLY___  
2025-05-14 13:38:05,906 INFO     ___FILE_ONLY___ │ 
2025-05-14 13:38:05,906 INFO     ___FILE_ONLY___ 2025.05.09
2025-05-14 13:38:05,906 INFO     ___FILE_ONLY___  
2025-05-14 13:38:05,906 INFO     ___FILE_ONLY___ │ 
2025-05-14 13:38:05,906 INFO     ___FILE_ONLY___ < 1 MiB
2025-05-14 13:38:05,906 INFO     ___FILE_ONLY___  
2025-05-14 13:38:05,906 INFO     ___FILE_ONLY___ │
2025-05-14 13:38:05,906 INFO     ___FILE_ONLY___ 

2025-05-14 13:38:05,906 INFO     ___FILE_ONLY___ │ 
2025-05-14 13:38:05,906 INFO     ___FILE_ONLY___ gcloud Beta Commands   
2025-05-14 13:38:05,906 INFO     ___FILE_ONLY___  
2025-05-14 13:38:05,906 INFO     ___FILE_ONLY___ │ 
2025-05-14 13:38:05,906 INFO     ___FILE_ONLY___ 2025.05.09
2025-05-14 13:38:05,906 INFO     ___FILE_ONLY___  
2025-05-14 13:38:05,906 INFO     ___FILE_ONLY___ │ 
2025-05-14 13:38:05,907 INFO     ___FILE_ONLY___ < 1 MiB
2025-05-14 13:38:05,907 INFO     ___FILE_ONLY___  
2025-05-14 13:38:05,907 INFO     ___FILE_ONLY___ │
2025-05-14 13:38:05,907 INFO     ___FILE_ONLY___ 

2025-05-14 13:38:05,907 INFO     ___FILE_ONLY___ │ 
2025-05-14 13:38:05,907 INFO     ___FILE_ONLY___ gcloud Preview Commands
2025-05-14 13:38:05,907 INFO     ___FILE_ONLY___  
2025-05-14 13:38:05,907 INFO     ___FILE_ONLY___ │ 
2025-05-14 13:38:05,907 INFO     ___FILE_ONLY___           
2025-05-14 13:38:05,907 INFO     ___FILE_ONLY___  
2025-05-14 13:38:05,907 INFO     ___FILE_ONLY___ │ 
2025-05-14 13:38:05,907 INFO     ___FILE_ONLY___ < 1 MiB
2025-05-14 13:38:05,907 INFO     ___FILE_ONLY___  
2025-05-14 13:38:05,907 INFO     ___FILE_ONLY___ │
2025-05-14 13:38:05,907 INFO     ___FILE_ONLY___ 

2025-05-14 13:38:05,907 INFO     ___FILE_ONLY___ └─────────────────────────┴────────────┴─────────┘
2025-05-14 13:38:05,907 INFO     ___FILE_ONLY___ 

2025-05-14 13:38:05,907 INFO     ___FILE_ONLY___ 

2025-05-14 13:38:05,910 DEBUG    urllib3.connectionpool Starting new HTTPS connection (1): dl.google.com:443
2025-05-14 13:38:06,015 DEBUG    urllib3.connectionpool https://dl.google.com:443 "GET /dl/cloudsdk/channels/rapid/RELEASE_NOTES HTTP/11" 200 1416207
2025-05-14 13:38:06,493 INFO     ___FILE_ONLY___ For the latest full release notes, please visit:
  https://cloud.google.com/sdk/release_notes


2025-05-14 13:38:06,494 INFO     ___FILE_ONLY___ Performing in place update...


2025-05-14 13:38:06,496 INFO     ___FILE_ONLY___ ╔════════════════════════════════════════════════════════════╗

2025-05-14 13:38:06,496 INFO     ___FILE_ONLY___ ╠═ Downloading: gcloud Alpha Commands                       ═╣

2025-05-14 13:38:06,496 INFO     ___FILE_ONLY___ ╚
2025-05-14 13:38:06,499 DEBUG    urllib3.connectionpool Starting new HTTPS connection (1): dl.google.com:443
2025-05-14 13:38:06,681 DEBUG    urllib3.connectionpool https://dl.google.com:443 "GET /dl/cloudsdk/channels/rapid/components/google-cloud-sdk-alpha-20250509144819.tar.gz HTTP/11" 200 800
2025-05-14 13:38:06,682 INFO     ___FILE_ONLY___ ════════════════════════════════════════════════════════════
2025-05-14 13:38:06,682 INFO     ___FILE_ONLY___ ╝

2025-05-14 13:38:06,684 INFO     ___FILE_ONLY___ ╔════════════════════════════════════════════════════════════╗

2025-05-14 13:38:06,684 INFO     ___FILE_ONLY___ ╠═ Downloading: gcloud Beta Commands                        ═╣

2025-05-14 13:38:06,684 INFO     ___FILE_ONLY___ ╚
2025-05-14 13:38:06,687 DEBUG    urllib3.connectionpool Starting new HTTPS connection (1): dl.google.com:443
2025-05-14 13:38:06,863 DEBUG    urllib3.connectionpool https://dl.google.com:443 "GET /dl/cloudsdk/channels/rapid/components/google-cloud-sdk-beta-20250509144819.tar.gz HTTP/11" 200 797
2025-05-14 13:38:06,863 INFO     ___FILE_ONLY___ ════════════════════════════════════════════════════════════
2025-05-14 13:38:06,864 INFO     ___FILE_ONLY___ ╝

2025-05-14 13:38:06,865 INFO     ___FILE_ONLY___ ╔════════════════════════════════════════════════════════════╗

2025-05-14 13:38:06,866 INFO     ___FILE_ONLY___ ╠═ Downloading: gcloud Preview Commands                     ═╣

2025-05-14 13:38:06,866 INFO     ___FILE_ONLY___ ╚
2025-05-14 13:38:06,869 DEBUG    urllib3.connectionpool Starting new HTTPS connection (1): dl.google.com:443
2025-05-14 13:38:07,022 DEBUG    urllib3.connectionpool https://dl.google.com:443 "GET /dl/cloudsdk/channels/rapid/components/google-cloud-sdk-preview-20241115154308.tar.gz HTTP/11" 200 823
2025-05-14 13:38:07,022 INFO     ___FILE_ONLY___ ════════════════════════════════════════════════════════════
2025-05-14 13:38:07,022 INFO     ___FILE_ONLY___ ╝

2025-05-14 13:38:07,024 INFO     ___FILE_ONLY___ ╔════════════════════════════════════════════════════════════╗

2025-05-14 13:38:07,025 INFO     ___FILE_ONLY___ ╠═ Installing: gcloud Alpha Commands                        ═╣

2025-05-14 13:38:07,025 INFO     ___FILE_ONLY___ ╚
2025-05-14 13:38:07,026 INFO     ___FILE_ONLY___ ════════════════════════════════════════════════════════════
2025-05-14 13:38:07,026 INFO     ___FILE_ONLY___ ╝

2025-05-14 13:38:07,031 INFO     ___FILE_ONLY___ ╔════════════════════════════════════════════════════════════╗

2025-05-14 13:38:07,031 INFO     ___FILE_ONLY___ ╠═ Installing: gcloud Beta Commands                         ═╣

2025-05-14 13:38:07,031 INFO     ___FILE_ONLY___ ╚
2025-05-14 13:38:07,032 INFO     ___FILE_ONLY___ ════════════════════════════════════════════════════════════
2025-05-14 13:38:07,032 INFO     ___FILE_ONLY___ ╝

2025-05-14 13:38:07,037 INFO     ___FILE_ONLY___ ╔════════════════════════════════════════════════════════════╗

2025-05-14 13:38:07,038 INFO     ___FILE_ONLY___ ╠═ Installing: gcloud Preview Commands                      ═╣

2025-05-14 13:38:07,038 INFO     ___FILE_ONLY___ ╚
2025-05-14 13:38:07,038 INFO     ___FILE_ONLY___ ════════════════════════════════════════════════════════════
2025-05-14 13:38:07,039 INFO     ___FILE_ONLY___ ╝

2025-05-14 13:38:07,044 DEBUG    root            Updating notification cache...
2025-05-14 13:38:07,044 INFO     ___FILE_ONLY___ 

2025-05-14 13:38:07,046 INFO     ___FILE_ONLY___ Performing post processing steps...
2025-05-14 13:38:07,047 DEBUG    root            Executing command: ['/tools/google-cloud-sdk/bin/gcloud', 'components', 'post-process']
2025-05-14 13:38:16,145 DEBUG    ___FILE_ONLY___ 
2025-05-14 13:38:16,145 DEBUG    ___FILE_ONLY___ 
2025-05-14 13:38:16,311 INFO     root            descriptor_list: [{'universeDomain': 'googleapis.com', 'universeShortName': '', 'authenticationDomain': 'auth.cloud.google.com', 'projectPrefix': '', 'cloudWebDomain': 'cloud.google.com', 'documentationDomain': 'cloud.google.com', 'version': '1.0.0', 'state': 'primary', 'artifactRegistryDomain': 'pkg.dev'}]
2025-05-14 13:38:16,312 INFO     ___FILE_ONLY___ 
Update done!


2025-05-14 13:38:16,314 DEBUG    root            Chosen display Format:none
2025-05-14 13:38:16,314 INFO     root            Display format: "none"
